# JRE version: Java(TM) SE Runtime Environment (8.0_45-b15) (build 1.8.0_45-b15)
# Java VM: Java HotSpot(TM) 64-Bit Server VM (25.45-b02 mixed mode windows-amd64 compressed oops)
Heap:
 PSYoungGen      total 72704K, used 57350K [0x00000000eab00000, 0x00000000efa00000, 0x0000000100000000)
  eden space 65536K, 87% used [0x00000000eab00000,0x00000000ee301b38,0x00000000eeb00000)
  from space 7168K, 0% used [0x00000000ef300000,0x00000000ef300000,0x00000000efa00000)
  to   space 7680K, 0% used [0x00000000eeb00000,0x00000000eeb00000,0x00000000ef280000)
 ParOldGen       total 44032K, used 19821K [0x00000000c0000000, 0x00000000c2b00000, 0x00000000eab00000)
  object space 44032K, 45% used [0x00000000c0000000,0x00000000c135b578,0x00000000c2b00000)
 Metaspace       used 7718K, capacity 8072K, committed 8320K, reserved 1056768K
  class space    used 760K, capacity 819K, committed 896K, reserved 1048576K
GC Heap History (10 events):
Event: 8.458 GC heap before
{Heap before GC invocations=4 (full 0):
 PSYoungGen      total 18944K, used 18942K [0x00000000eab00000, 0x00000000ec000000, 0x0000000100000000)
  eden space 16384K, 100% used [0x00000000eab00000,0x00000000ebb00000,0x00000000ebb00000)
  from space 2560K, 99% used [0x00000000ebb00000,0x00000000ebd7fb70,0x00000000ebd80000)
  to   space 2560K, 0% used [0x00000000ebd80000,0x00000000ebd80000,0x00000000ec000000)
 ParOldGen       total 44032K, used 11084K [0x00000000c0000000, 0x00000000c2b00000, 0x00000000eab00000)
  object space 44032K, 25% used [0x00000000c0000000,0x00000000c0ad3158,0x00000000c2b00000)
 Metaspace       used 7555K, capacity 7970K, committed 8320K, reserved 1056768K
  class space    used 750K, capacity 786K, committed 896K, reserved 1048576K
Event: 8.468 GC heap after
Heap after GC invocations=4 (full 0):
 PSYoungGen      total 18944K, used 2554K [0x00000000eab00000, 0x00000000ed000000, 0x0000000100000000)
  eden space 16384K, 0% used [0x00000000eab00000,0x00000000eab00000,0x00000000ebb00000)
  from space 2560K, 99% used [0x00000000ebd80000,0x00000000ebffeaa0,0x00000000ec000000)
  to   space 2560K, 0% used [0x00000000ebb00000,0x00000000ebb00000,0x00000000ebd80000)
 ParOldGen       total 44032K, used 14557K [0x00000000c0000000, 0x00000000c2b00000, 0x00000000eab00000)
  object space 44032K, 33% used [0x00000000c0000000,0x00000000c0e37668,0x00000000c2b00000)
 Metaspace       used 7555K, capacity 7970K, committed 8320K, reserved 1056768K
  class space    used 750K, capacity 786K, committed 896K, reserved 1048576K
}
Event: 8.634 GC heap before
{Heap before GC invocations=5 (full 0):
 PSYoungGen      total 18944K, used 18938K [0x00000000eab00000, 0x00000000ed000000, 0x0000000100000000)
  eden space 16384K, 100% used [0x00000000eab00000,0x00000000ebb00000,0x00000000ebb00000)
  from space 2560K, 99% used [0x00000000ebd80000,0x00000000ebffeaa0,0x00000000ec000000)
  to   space 2560K, 0% used [0x00000000ebb00000,0x00000000ebb00000,0x00000000ebd80000)
 ParOldGen       total 44032K, used 14557K [0x00000000c0000000, 0x00000000c2b00000, 0x00000000eab00000)
  object space 44032K, 33% used [0x00000000c0000000,0x00000000c0e37668,0x00000000c2b00000)
 Metaspace       used 7577K, capacity 7970K, committed 8320K, reserved 1056768K
  class space    used 751K, capacity 786K, committed 896K, reserved 1048576K
Event: 8.645 GC heap after
Heap after GC invocations=5 (full 0):
 PSYoungGen      total 18944K, used 2545K [0x00000000eab00000, 0x00000000eda00000, 0x0000000100000000)
  eden space 16384K, 0% used [0x00000000eab00000,0x00000000eab00000,0x00000000ebb00000)
  from space 2560K, 99% used [0x00000000ebb00000,0x00000000ebd7c740,0x00000000ebd80000)
  to   space 7680K, 0% used [0x00000000ed280000,0x00000000ed280000,0x00000000eda00000)
 ParOldGen       total 44032K, used 17946K [0x00000000c0000000, 0x00000000c2b00000, 0x00000000eab00000)
  object space 44032K, 40% used [0x00000000c0000000,0x00000000c1186a98,0x00000000c2b00000)
 Metaspace       used 7577K, capacity 7970K, committed 8320K, reserved 1056768K
  class space    used 751K, capacity 786K, committed 896K, reserved 1048576K
}
Event: 8.768 GC heap before
{Heap before GC invocations=6 (full 0):
 PSYoungGen      total 18944K, used 17068K [0x00000000eab00000, 0x00000000eda00000, 0x0000000100000000)
  eden space 16384K, 88% used [0x00000000eab00000,0x00000000eb92ebf8,0x00000000ebb00000)
  from space 2560K, 99% used [0x00000000ebb00000,0x00000000ebd7c740,0x00000000ebd80000)
  to   space 7680K, 0% used [0x00000000ed280000,0x00000000ed280000,0x00000000eda00000)
 ParOldGen       total 44032K, used 17946K [0x00000000c0000000, 0x00000000c2b00000, 0x00000000eab00000)
  object space 44032K, 40% used [0x00000000c0000000,0x00000000c1186a98,0x00000000c2b00000)
 Metaspace       used 7586K, capacity 7970K, committed 8320K, reserved 1056768K
  class space    used 751K, capacity 786K, committed 896K, reserved 1048576K
Event: 8.780 GC heap after
Heap after GC invocations=6 (full 0):
 PSYoungGen      total 39424K, used 5490K [0x00000000eab00000, 0x00000000ed900000, 0x0000000100000000)
  eden space 32768K, 0% used [0x00000000eab00000,0x00000000eab00000,0x00000000ecb00000)
  from space 6656K, 82% used [0x00000000ed280000,0x00000000ed7dc950,0x00000000ed900000)
  to   space 7168K, 0% used [0x00000000ecb00000,0x00000000ecb00000,0x00000000ed200000)
 ParOldGen       total 44032K, used 17946K [0x00000000c0000000, 0x00000000c2b00000, 0x00000000eab00000)
  object space 44032K, 40% used [0x00000000c0000000,0x00000000c1186a98,0x00000000c2b00000)
 Metaspace       used 7586K, capacity 7970K, committed 8320K, reserved 1056768K
  class space    used 751K, capacity 786K, committed 896K, reserved 1048576K
}
Event: 8.964 GC heap before
{Heap before GC invocations=7 (full 0):
 PSYoungGen      total 39424K, used 37628K [0x00000000eab00000, 0x00000000ed900000, 0x0000000100000000)
  eden space 32768K, 98% used [0x00000000eab00000,0x00000000eca62a08,0x00000000ecb00000)
  from space 6656K, 82% used [0x00000000ed280000,0x00000000ed7dc950,0x00000000ed900000)
  to   space 7168K, 0% used [0x00000000ecb00000,0x00000000ecb00000,0x00000000ed200000)
 ParOldGen       total 44032K, used 17946K [0x00000000c0000000, 0x00000000c2b00000, 0x00000000eab00000)
  object space 44032K, 40% used [0x00000000c0000000,0x00000000c1186a98,0x00000000c2b00000)
 Metaspace       used 7602K, capacity 7970K, committed 8320K, reserved 1056768K
  class space    used 751K, capacity 786K, committed 896K, reserved 1048576K
Event: 8.973 GC heap after
Heap after GC invocations=7 (full 0):
 PSYoungGen      total 39936K, used 2854K [0x00000000eab00000, 0x00000000efb00000, 0x0000000100000000)
  eden space 32768K, 0% used [0x00000000eab00000,0x00000000eab00000,0x00000000ecb00000)
  from space 7168K, 39% used [0x00000000ecb00000,0x00000000ecdc9860,0x00000000ed200000)
  to   space 8192K, 0% used [0x00000000ef300000,0x00000000ef300000,0x00000000efb00000)
 ParOldGen       total 44032K, used 19344K [0x00000000c0000000, 0x00000000c2b00000, 0x00000000eab00000)
  object space 44032K, 43% used [0x00000000c0000000,0x00000000c12e4150,0x00000000c2b00000)
 Metaspace       used 7602K, capacity 7970K, committed 8320K, reserved 1056768K
  class space    used 751K, capacity 786K, committed 896K, reserved 1048576K
}
Event: 9.126 GC heap before
{Heap before GC invocations=8 (full 0):
 PSYoungGen      total 39936K, used 33880K [0x00000000eab00000, 0x00000000efb00000, 0x0000000100000000)
  eden space 32768K, 94% used [0x00000000eab00000,0x00000000ec94cb48,0x00000000ecb00000)
  from space 7168K, 39% used [0x00000000ecb00000,0x00000000ecdc9860,0x00000000ed200000)
  to   space 8192K, 0% used [0x00000000ef300000,0x00000000ef300000,0x00000000efb00000)
 ParOldGen       total 44032K, used 19344K [0x00000000c0000000, 0x00000000c2b00000, 0x00000000eab00000)
  object space 44032K, 43% used [0x00000000c0000000,0x00000000c12e4150,0x00000000c2b00000)
 Metaspace       used 7689K, capacity 8008K, committed 8320K, reserved 1056768K
  class space    used 760K, capacity 819K, committed 896K, reserved 1048576K
Event: 9.132 GC heap after
Heap after GC invocations=8 (full 0):
 PSYoungGen      total 72704K, used 5583K [0x00000000eab00000, 0x00000000efa00000, 0x0000000100000000)
  eden space 65536K, 0% used [0x00000000eab00000,0x00000000eab00000,0x00000000eeb00000)
  from space 7168K, 77% used [0x00000000ef300000,0x00000000ef873e08,0x00000000efa00000)
  to   space 7680K, 0% used [0x00000000eeb00000,0x00000000eeb00000,0x00000000ef280000)
 ParOldGen       total 44032K, used 20554K [0x00000000c0000000, 0x00000000c2b00000, 0x00000000eab00000)
  object space 44032K, 46% used [0x00000000c0000000,0x00000000c1412ac8,0x00000000c2b00000)
 Metaspace       used 7689K, capacity 8008K, committed 8320K, reserved 1056768K
  class space    used 760K, capacity 819K, committed 896K, reserved 1048576K
}

